20:31:04 === PC Brain - Monitor de Login ===
20:31:04 Inicio: 07/07/2026 20:31:04
20:31:04 --- 1. Espacio libre ---
20:31:05   C:: 307.3 GB libre de 476.9 GB (64.4%)
20:31:05   D:: 274.6 GB libre de 495.8 GB (55.4%)
20:31:05   H:: 48.4 GB libre de 488.3 GB (9.9%)
20:31:05   ALERTA: H: por debajo del 10%
20:31:05   I:: 214.1 GB libre de 878.9 GB (24.4%)
20:31:05 --- 2. Estado de discos ---
20:31:09   WD PC SN740 SDDPNQD-512G-2006: Healthy / OK
20:31:09   WDC WD20EZRZ-00Z5HB0: Healthy / OK
20:31:09 --- 3. Ultimo backup ---
20:31:09   No se detecto sistema de backup automatico
20:31:09 --- 4. Errores criticos (24h) ---
20:31:09   20:31 [Error] Microsoft-Windows-DNS-Client: 1023 - Name resolution policy table has been corrupted. DNS resolution will fail until it is fixed. Contact your network admini
20:31:09   20:31 [Error] Microsoft-Windows-DNS-Client: 1023 - Name resolution policy table has been corrupted. DNS resolution will fail until it is fixed. Contact your network admini
20:31:09   12:40 [Error] Microsoft-Windows-WindowsUpdateClient: 20 - Installation Failure: Windows failed to install the following update with error 0x80073D02: 9NKSQGP7F2NH-5319275A.WhatsA
20:31:09 --- 5. Boot NVMe ---
20:31:10   Error verificando NVMe
20:31:10 --- Actualizando STATUS.md ---
20:31:10 STATUS.md actualizado
20:31:10 === Completado en 5.4 segundos ===
