04:14:23 === PC Brain - Monitor de Login ===
04:14:23 Inicio: 06/24/2026 04:14:23
04:14:23 --- 1. Espacio libre ---
04:14:24   C:: 379.3 GB libre de 476.9 GB (79.5%)
04:14:24   D:: 276 GB libre de 495.8 GB (55.7%)
04:14:24   E:: 0 GB libre de 0 GB (38.7%)
04:14:24   F:: 0.4 GB libre de 146 GB (0.2%)
04:14:24   ALERTA: F: por debajo del 10%
04:14:24   G:: 29.4 GB libre de 86.4 GB (34.1%)
04:14:24   H:: 48.4 GB libre de 488.3 GB (9.9%)
04:14:24   ALERTA: H: por debajo del 10%
04:14:24   I:: 202.2 GB libre de 878.9 GB (23%)
04:14:24 --- 2. Estado de discos ---
04:14:26   WD PC SN740 SDDPNQD-512G-2006: Healthy / OK
04:14:26   WDC WDS250G1B0A-00H9H0: Healthy / OK
04:14:26   WDC WD20EZRZ-00Z5HB0: Healthy / OK
04:14:26 --- 3. Ultimo backup ---
04:14:26   No se detecto sistema de backup automatico
04:14:26 --- 4. Errores criticos (24h) ---
04:14:26   04:14 [Error] Microsoft-Windows-DNS-Client: 1012 - There was an error while attempting to read the local hosts file.
04:14:26   19:37 [Error] Microsoft-Windows-DNS-Client: 1012 - There was an error while attempting to read the local hosts file.
04:14:26   19:14 [Error] Microsoft-Windows-DNS-Client: 1023 - Name resolution policy table has been corrupted. DNS resolution will fail until it is fixed. Contact your network admini
04:14:26   17:27 [Error] Microsoft-Windows-TPM-WMI: 1801 - Secure Boot CA/keys need to be updated. This device signature information is included here.
04:14:26   17:02 [Error] Microsoft-Windows-DistributedCOM: 10010 - The server {A463FCB9-6B1C-4E0D-A80B-A2CA7999E25D} did not register with DCOM within the required timeout.
04:14:26   17:02 [Error] Microsoft-Windows-DistributedCOM: 10010 - The server {A463FCB9-6B1C-4E0D-A80B-A2CA7999E25D} did not register with DCOM within the required timeout.
04:14:26   17:02 [Error] Microsoft-Windows-DistributedCOM: 10010 - The server {A463FCB9-6B1C-4E0D-A80B-A2CA7999E25D} did not register with DCOM within the required timeout.
04:14:26   17:02 [Error] Microsoft-Windows-DistributedCOM: 10010 - The server {A463FCB9-6B1C-4E0D-A80B-A2CA7999E25D} did not register with DCOM within the required timeout.
04:14:26   17:02 [Error] Microsoft-Windows-DistributedCOM: 10010 - The server {A463FCB9-6B1C-4E0D-A80B-A2CA7999E25D} did not register with DCOM within the required timeout.
04:14:26   17:02 [Error] Microsoft-Windows-DistributedCOM: 10010 - The server {A463FCB9-6B1C-4E0D-A80B-A2CA7999E25D} did not register with DCOM within the required timeout.
04:14:26 --- 5. Boot NVMe ---
04:14:27   NVMe autonomo: Disco 2/C: OK
04:14:27 --- Actualizando STATUS.md ---
04:14:27 STATUS.md actualizado
04:14:27 === Completado en 3.3 segundos ===
