15:30:47 === PC Brain - Monitor de Login ===
15:30:47 Inicio: 06/24/2026 15:30:47
15:30:47 --- 1. Espacio libre ---
15:30:47   C:: 375.5 GB libre de 476.9 GB (78.7%)
15:30:47   D:: 276 GB libre de 495.8 GB (55.7%)
15:30:47   E:: 0 GB libre de 0 GB (38.7%)
15:30:47   F:: 0.4 GB libre de 146 GB (0.2%)
15:30:47   ALERTA: F: por debajo del 10%
15:30:47   G:: 29.4 GB libre de 86.4 GB (34.1%)
15:30:47   H:: 48.4 GB libre de 488.3 GB (9.9%)
15:30:47   ALERTA: H: por debajo del 10%
15:30:47   I:: 202.2 GB libre de 878.9 GB (23%)
15:30:47 --- 2. Estado de discos ---
15:30:50   WD PC SN740 SDDPNQD-512G-2006: Healthy / OK
15:30:50   WDC WDS250G1B0A-00H9H0: Healthy / OK
15:30:50   WDC WD20EZRZ-00Z5HB0: Healthy / OK
15:30:50 --- 3. Ultimo backup ---
15:30:50   No se detecto sistema de backup automatico
15:30:50 --- 4. Errores criticos (24h) ---
15:30:50   04:14 [Error] Microsoft-Windows-DNS-Client: 1012 - There was an error while attempting to read the local hosts file.
15:30:50   19:37 [Error] Microsoft-Windows-DNS-Client: 1012 - There was an error while attempting to read the local hosts file.
15:30:50   19:14 [Error] Microsoft-Windows-DNS-Client: 1023 - Name resolution policy table has been corrupted. DNS resolution will fail until it is fixed. Contact your network admini
15:30:50   17:27 [Error] Microsoft-Windows-TPM-WMI: 1801 - Secure Boot CA/keys need to be updated. This device signature information is included here.
15:30:50   17:02 [Error] Microsoft-Windows-DistributedCOM: 10010 - The server {A463FCB9-6B1C-4E0D-A80B-A2CA7999E25D} did not register with DCOM within the required timeout.
15:30:50   17:02 [Error] Microsoft-Windows-DistributedCOM: 10010 - The server {A463FCB9-6B1C-4E0D-A80B-A2CA7999E25D} did not register with DCOM within the required timeout.
15:30:50   17:02 [Error] Microsoft-Windows-DistributedCOM: 10010 - The server {A463FCB9-6B1C-4E0D-A80B-A2CA7999E25D} did not register with DCOM within the required timeout.
15:30:50   17:02 [Error] Microsoft-Windows-DistributedCOM: 10010 - The server {A463FCB9-6B1C-4E0D-A80B-A2CA7999E25D} did not register with DCOM within the required timeout.
15:30:50   17:02 [Error] Microsoft-Windows-DistributedCOM: 10010 - The server {A463FCB9-6B1C-4E0D-A80B-A2CA7999E25D} did not register with DCOM within the required timeout.
15:30:50   17:02 [Error] Microsoft-Windows-DistributedCOM: 10010 - The server {A463FCB9-6B1C-4E0D-A80B-A2CA7999E25D} did not register with DCOM within the required timeout.
15:30:50 --- 5. Boot NVMe ---
15:30:50   NVMe autonomo: Disco 2/C: OK
15:30:50 --- Actualizando STATUS.md ---
15:30:50 STATUS.md actualizado
15:30:50 === Completado en 3.6 segundos ===
