14:37:16 === PC Brain - Monitor de Login ===
14:37:16 Inicio: 07/10/2026 14:37:16
14:37:16 --- 1. Espacio libre ---
14:37:16   C:: 291.3 GB libre de 476.9 GB (61.1%)
14:37:16   D:: 274.6 GB libre de 495.8 GB (55.4%)
14:37:16   H:: 48.4 GB libre de 488.3 GB (9.9%)
14:37:16   ALERTA: H: por debajo del 10%
14:37:16   I:: 214.1 GB libre de 878.9 GB (24.4%)
14:37:16 --- 2. Estado de discos ---
14:37:19   WD PC SN740 SDDPNQD-512G-2006: Healthy / OK
14:37:19   WDC WD20EZRZ-00Z5HB0: Healthy / OK
14:37:19 --- 3. Ultimo backup ---
14:37:19   No se detecto sistema de backup automatico
14:37:19 --- 4. Errores criticos (24h) ---
14:37:19   14:36 [Error] Server: 2505 - The server could not bind to the transport \Device\NetBT_Tcpip_{07994733-C8B2-4A17-83A5-A53718485262} because another co
14:37:19   14:36 [Error] Server: 2505 - The server could not bind to the transport \Device\NetBT_Tcpip_{07994733-C8B2-4A17-83A5-A53718485262} because another co
14:37:19   14:36 [Error] Server: 2505 - The server could not bind to the transport \Device\NetBT_Tcpip_{07994733-C8B2-4A17-83A5-A53718485262} because another co
14:37:19   14:36 [Error] Server: 2505 - The server could not bind to the transport \Device\NetBT_Tcpip_{07994733-C8B2-4A17-83A5-A53718485262} because another co
14:37:19   14:36 [Error] Microsoft-Windows-DistributedCOM: 10010 - The server {C53A4F16-787E-42A4-B304-29EFFB4BF597} did not register with DCOM within the required timeout.
14:37:19   14:35 [Error] Microsoft-Windows-DistributedCOM: 10010 - The server {C53A4F16-787E-42A4-B304-29EFFB4BF597} did not register with DCOM within the required timeout.
14:37:19   14:35 [Error] Microsoft-Windows-DistributedCOM: 10010 - The server {AB8902B4-09CA-4BB6-B78D-A8F59079A8D5} did not register with DCOM within the required timeout.
14:37:19   14:35 [Error] Microsoft-Windows-DistributedCOM: 10010 - The server {AB8902B4-09CA-4BB6-B78D-A8F59079A8D5} did not register with DCOM within the required timeout.
14:37:19   14:35 [Error] Microsoft-Windows-DNS-Client: 1012 - There was an error while attempting to read the local hosts file.
14:37:19   14:07 [Error] Microsoft-Windows-TPM-WMI: 1801 - Secure Boot CA/keys need to be updated. This device signature information is included here.
14:37:19 --- 5. Boot NVMe ---
14:37:20   Error verificando NVMe
14:37:20 --- Actualizando STATUS.md ---
14:37:20 STATUS.md actualizado
14:37:20 === Completado en 3.5 segundos ===
