09:00:00 === PC Brain - Monitor Semanal ===
09:00:00 --- 1. SMART ---
09:00:04   WD PC SN740 SDDPNQD-512G-2006 | SSD | 476.9 GB | Healthy | OK
09:00:04   VendorCo ProductCode | Unspecified | 58.6 GB | Healthy | OK
09:00:04   WDC WDS250G1B0A-00H9H0 | SSD | 232.9 GB | Healthy | OK
09:00:04   WDC WD20EZRZ-00Z5HB0 | HDD | 1863 GB | Healthy | OK
09:00:04 --- 2. Espacio ---
09:00:04   C:: 476.9 GB total, 365.4 GB libre (76.6%) []
09:00:04   D:: 495.8 GB total, 276 GB libre (55.7%) [Programas]
09:00:04   E:: 0 GB total, 0 GB libre (38.7%) []
09:00:04   F:: 146 GB total, 0.4 GB libre (0.3%) []
09:00:04   G:: 86.4 GB total, 29.4 GB libre (34.1%) [wolfim]
09:00:04   H:: 488.3 GB total, 48.4 GB libre (9.9%) [TRUzT]
09:00:04   I:: 878.9 GB total, 214.1 GB libre (24.4%) [Downloads]
09:00:04 --- 3. Defender ---
09:00:04   Defender OK
09:00:04 --- 4. Updates ---
09:00:17   Updates: 9 pendientes
09:00:17 --- 5. Git ---
09:00:18   Repos con problemas: 1
09:00:18 --- 6. .env ---
09:00:19   .env files: 9
09:00:19 === Completado en 18.6 segundos ===
09:00:19 Informe guardado: C:\Projects\Obsidian\obsidian-vault-main\Systems\Local-PC\Reports\weekly-2026-06-29.md
